[1.097s] Invoking command in '/home/pranav/lol/build/autonomous': PYTHONPATH=/home/pranav/lol/build/autonomous/prefix_override:/usr/lib/python3/dist-packages/colcon_core/task/python/colcon_distutils_commands:/home/pranav/lol/install/autonomous/lib/python3.10/site-packages:${PYTHONPATH} /usr/bin/python3 -W ignore:setup.py install is deprecated setup.py develop --uninstall --editable --build-directory /home/pranav/lol/build/autonomous/build
[1.546s] running develop
[1.874s] Removing /home/pranav/lol/install/autonomous/lib/python3.10/site-packages/autonomous.egg-link (link to .)
[1.930s] Invoked command in '/home/pranav/lol/build/autonomous' returned '0': PYTHONPATH=/home/pranav/lol/build/autonomous/prefix_override:/usr/lib/python3/dist-packages/colcon_core/task/python/colcon_distutils_commands:/home/pranav/lol/install/autonomous/lib/python3.10/site-packages:${PYTHONPATH} /usr/bin/python3 -W ignore:setup.py install is deprecated setup.py develop --uninstall --editable --build-directory /home/pranav/lol/build/autonomous/build
[1.931s] Invoking command in '/home/pranav/lol/src/autonomous': PYTHONPATH=/home/pranav/lol/build/autonomous/prefix_override:/usr/lib/python3/dist-packages/colcon_core/task/python/colcon_distutils_commands:/home/pranav/lol/install/autonomous/lib/python3.10/site-packages:${PYTHONPATH} /usr/bin/python3 -W ignore:setup.py install is deprecated setup.py egg_info --egg-base ../../build/autonomous build --build-base /home/pranav/lol/build/autonomous/build install --record /home/pranav/lol/build/autonomous/install.log --single-version-externally-managed install_data --force
[2.404s] running egg_info
[2.405s] writing ../../build/autonomous/autonomous.egg-info/PKG-INFO
[2.407s] writing dependency_links to ../../build/autonomous/autonomous.egg-info/dependency_links.txt
[2.407s] writing entry points to ../../build/autonomous/autonomous.egg-info/entry_points.txt
[2.408s] writing requirements to ../../build/autonomous/autonomous.egg-info/requires.txt
[2.409s] writing top-level names to ../../build/autonomous/autonomous.egg-info/top_level.txt
[2.413s] reading manifest file '../../build/autonomous/autonomous.egg-info/SOURCES.txt'
[2.416s] writing manifest file '../../build/autonomous/autonomous.egg-info/SOURCES.txt'
[2.417s] running build
[2.417s] running build_py
[2.418s] copying autonomous/rrt.py -> /home/pranav/lol/build/autonomous/build/lib/autonomous
[2.419s] running install
[2.420s] running install_lib
[2.422s] creating /home/pranav/lol/install/autonomous/lib/python3.10/site-packages/autonomous
[2.423s] copying /home/pranav/lol/build/autonomous/build/lib/autonomous/rrt.py -> /home/pranav/lol/install/autonomous/lib/python3.10/site-packages/autonomous
[2.424s] copying /home/pranav/lol/build/autonomous/build/lib/autonomous/control.py -> /home/pranav/lol/install/autonomous/lib/python3.10/site-packages/autonomous
[2.425s] copying /home/pranav/lol/build/autonomous/build/lib/autonomous/D.py -> /home/pranav/lol/install/autonomous/lib/python3.10/site-packages/autonomous
[2.425s] copying /home/pranav/lol/build/autonomous/build/lib/autonomous/__init__.py -> /home/pranav/lol/install/autonomous/lib/python3.10/site-packages/autonomous
[2.427s] byte-compiling /home/pranav/lol/install/autonomous/lib/python3.10/site-packages/autonomous/rrt.py to rrt.cpython-310.pyc
[2.432s] byte-compiling /home/pranav/lol/install/autonomous/lib/python3.10/site-packages/autonomous/control.py to control.cpython-310.pyc
[2.437s] byte-compiling /home/pranav/lol/install/autonomous/lib/python3.10/site-packages/autonomous/D.py to D.cpython-310.pyc
[2.442s] byte-compiling /home/pranav/lol/install/autonomous/lib/python3.10/site-packages/autonomous/__init__.py to __init__.cpython-310.pyc
[2.443s] running install_data
[2.444s] copying resource/autonomous -> /home/pranav/lol/install/autonomous/share/ament_index/resource_index/packages
[2.444s] copying package.xml -> /home/pranav/lol/install/autonomous/share/autonomous
[2.445s] running install_egg_info
[2.448s] Copying ../../build/autonomous/autonomous.egg-info to /home/pranav/lol/install/autonomous/lib/python3.10/site-packages/autonomous-0.0.0-py3.10.egg-info
[2.451s] running install_scripts
[2.487s] Installing control script to /home/pranav/lol/install/autonomous/lib/autonomous
[2.488s] Installing d script to /home/pranav/lol/install/autonomous/lib/autonomous
[2.489s] Installing rrt script to /home/pranav/lol/install/autonomous/lib/autonomous
[2.490s] writing list of installed files to '/home/pranav/lol/build/autonomous/install.log'
[2.530s] Invoked command in '/home/pranav/lol/src/autonomous' returned '0': PYTHONPATH=/home/pranav/lol/build/autonomous/prefix_override:/usr/lib/python3/dist-packages/colcon_core/task/python/colcon_distutils_commands:/home/pranav/lol/install/autonomous/lib/python3.10/site-packages:${PYTHONPATH} /usr/bin/python3 -W ignore:setup.py install is deprecated setup.py egg_info --egg-base ../../build/autonomous build --build-base /home/pranav/lol/build/autonomous/build install --record /home/pranav/lol/build/autonomous/install.log --single-version-externally-managed install_data --force
