[0.616s] Invoking command in '/home/pranav/lol/src/autonomous': PYTHONPATH=/home/pranav/lol/build/autonomous/prefix_override:/usr/lib/python3/dist-packages/colcon_core/task/python/colcon_distutils_commands:/home/pranav/lol/install/autonomous/lib/python3.10/site-packages:${PYTHONPATH} /usr/bin/python3 -W ignore:setup.py install is deprecated setup.py egg_info --egg-base ../../build/autonomous build --build-base /home/pranav/lol/build/autonomous/build install --record /home/pranav/lol/build/autonomous/install.log --single-version-externally-managed install_data
[0.857s] running egg_info
[0.857s] writing ../../build/autonomous/autonomous.egg-info/PKG-INFO
[0.857s] writing dependency_links to ../../build/autonomous/autonomous.egg-info/dependency_links.txt
[0.858s] writing entry points to ../../build/autonomous/autonomous.egg-info/entry_points.txt
[0.858s] writing requirements to ../../build/autonomous/autonomous.egg-info/requires.txt
[0.858s] writing top-level names to ../../build/autonomous/autonomous.egg-info/top_level.txt
[0.860s] reading manifest file '../../build/autonomous/autonomous.egg-info/SOURCES.txt'
[0.860s] writing manifest file '../../build/autonomous/autonomous.egg-info/SOURCES.txt'
[0.860s] running build
[0.861s] running build_py
[0.861s] running install
[0.861s] running install_lib
[0.862s] running install_data
[0.862s] running install_egg_info
[0.864s] removing '/home/pranav/lol/install/autonomous/lib/python3.10/site-packages/autonomous-0.0.0-py3.10.egg-info' (and everything under it)
[0.864s] Copying ../../build/autonomous/autonomous.egg-info to /home/pranav/lol/install/autonomous/lib/python3.10/site-packages/autonomous-0.0.0-py3.10.egg-info
[0.865s] running install_scripts
[0.882s] Installing control script to /home/pranav/lol/install/autonomous/lib/autonomous
[0.882s] Installing rrt script to /home/pranav/lol/install/autonomous/lib/autonomous
[0.882s] writing list of installed files to '/home/pranav/lol/build/autonomous/install.log'
[0.902s] Invoked command in '/home/pranav/lol/src/autonomous' returned '0': PYTHONPATH=/home/pranav/lol/build/autonomous/prefix_override:/usr/lib/python3/dist-packages/colcon_core/task/python/colcon_distutils_commands:/home/pranav/lol/install/autonomous/lib/python3.10/site-packages:${PYTHONPATH} /usr/bin/python3 -W ignore:setup.py install is deprecated setup.py egg_info --egg-base ../../build/autonomous build --build-base /home/pranav/lol/build/autonomous/build install --record /home/pranav/lol/build/autonomous/install.log --single-version-externally-managed install_data
