[0.777s] Invoking command in '/home/pranav/lol/build/autonomous': PYTHONPATH=/home/pranav/lol/build/autonomous/prefix_override:/usr/lib/python3/dist-packages/colcon_core/task/python/colcon_distutils_commands:/home/pranav/lol/install/autonomous/lib/python3.10/site-packages:${PYTHONPATH} /usr/bin/python3 -W ignore:setup.py install is deprecated setup.py develop --uninstall --editable --build-directory /home/pranav/lol/build/autonomous/build
[1.024s] running develop
[1.196s] Removing /home/pranav/lol/install/autonomous/lib/python3.10/site-packages/autonomous.egg-link (link to .)
[1.225s] Invoked command in '/home/pranav/lol/build/autonomous' returned '0': PYTHONPATH=/home/pranav/lol/build/autonomous/prefix_override:/usr/lib/python3/dist-packages/colcon_core/task/python/colcon_distutils_commands:/home/pranav/lol/install/autonomous/lib/python3.10/site-packages:${PYTHONPATH} /usr/bin/python3 -W ignore:setup.py install is deprecated setup.py develop --uninstall --editable --build-directory /home/pranav/lol/build/autonomous/build
[1.225s] Invoking command in '/home/pranav/lol/src/autonomous': PYTHONPATH=/home/pranav/lol/build/autonomous/prefix_override:/usr/lib/python3/dist-packages/colcon_core/task/python/colcon_distutils_commands:/home/pranav/lol/install/autonomous/lib/python3.10/site-packages:${PYTHONPATH} /usr/bin/python3 -W ignore:setup.py install is deprecated setup.py egg_info --egg-base ../../build/autonomous build --build-base /home/pranav/lol/build/autonomous/build install --record /home/pranav/lol/build/autonomous/install.log --single-version-externally-managed install_data --force
[1.459s] running egg_info
[1.460s] writing ../../build/autonomous/autonomous.egg-info/PKG-INFO
[1.460s] writing dependency_links to ../../build/autonomous/autonomous.egg-info/dependency_links.txt
[1.460s] writing entry points to ../../build/autonomous/autonomous.egg-info/entry_points.txt
[1.461s] writing requirements to ../../build/autonomous/autonomous.egg-info/requires.txt
[1.461s] writing top-level names to ../../build/autonomous/autonomous.egg-info/top_level.txt
[1.464s] reading manifest file '../../build/autonomous/autonomous.egg-info/SOURCES.txt'
[1.465s] writing manifest file '../../build/autonomous/autonomous.egg-info/SOURCES.txt'
[1.465s] running build
[1.466s] running build_py
[1.467s] copying autonomous/rrt.py -> /home/pranav/lol/build/autonomous/build/lib/autonomous
[1.468s] running install
[1.468s] running install_lib
[1.468s] creating /home/pranav/lol/install/autonomous/lib/python3.10/site-packages/autonomous
[1.469s] copying /home/pranav/lol/build/autonomous/build/lib/autonomous/rrt.py -> /home/pranav/lol/install/autonomous/lib/python3.10/site-packages/autonomous
[1.469s] copying /home/pranav/lol/build/autonomous/build/lib/autonomous/control.py -> /home/pranav/lol/install/autonomous/lib/python3.10/site-packages/autonomous
[1.469s] copying /home/pranav/lol/build/autonomous/build/lib/autonomous/__init__.py -> /home/pranav/lol/install/autonomous/lib/python3.10/site-packages/autonomous
[1.470s] byte-compiling /home/pranav/lol/install/autonomous/lib/python3.10/site-packages/autonomous/rrt.py to rrt.cpython-310.pyc
[1.471s] byte-compiling /home/pranav/lol/install/autonomous/lib/python3.10/site-packages/autonomous/control.py to control.cpython-310.pyc
[1.474s] byte-compiling /home/pranav/lol/install/autonomous/lib/python3.10/site-packages/autonomous/__init__.py to __init__.cpython-310.pyc
[1.474s] running install_data
[1.474s] copying resource/autonomous -> /home/pranav/lol/install/autonomous/share/ament_index/resource_index/packages
[1.475s] copying package.xml -> /home/pranav/lol/install/autonomous/share/autonomous
[1.475s] running install_egg_info
[1.477s] Copying ../../build/autonomous/autonomous.egg-info to /home/pranav/lol/install/autonomous/lib/python3.10/site-packages/autonomous-0.0.0-py3.10.egg-info
[1.478s] running install_scripts
[1.494s] Installing control script to /home/pranav/lol/install/autonomous/lib/autonomous
[1.494s] Installing rrt script to /home/pranav/lol/install/autonomous/lib/autonomous
[1.495s] writing list of installed files to '/home/pranav/lol/build/autonomous/install.log'
[1.518s] Invoked command in '/home/pranav/lol/src/autonomous' returned '0': PYTHONPATH=/home/pranav/lol/build/autonomous/prefix_override:/usr/lib/python3/dist-packages/colcon_core/task/python/colcon_distutils_commands:/home/pranav/lol/install/autonomous/lib/python3.10/site-packages:${PYTHONPATH} /usr/bin/python3 -W ignore:setup.py install is deprecated setup.py egg_info --egg-base ../../build/autonomous build --build-base /home/pranav/lol/build/autonomous/build install --record /home/pranav/lol/build/autonomous/install.log --single-version-externally-managed install_data --force
