[0.708s] Invoking command in '/home/pranav/lol/src/autonomous': PYTHONPATH=/home/pranav/lol/build/autonomous/prefix_override:/usr/lib/python3/dist-packages/colcon_core/task/python/colcon_distutils_commands:/home/pranav/lol/install/autonomous/lib/python3.10/site-packages:${PYTHONPATH} /usr/bin/python3 -W ignore:setup.py install is deprecated setup.py egg_info --egg-base ../../build/autonomous build --build-base /home/pranav/lol/build/autonomous/build install --record /home/pranav/lol/build/autonomous/install.log --single-version-externally-managed install_data
[0.995s] running egg_info
[0.995s] writing ../../build/autonomous/autonomous.egg-info/PKG-INFO
[0.996s] writing dependency_links to ../../build/autonomous/autonomous.egg-info/dependency_links.txt
[0.996s] writing entry points to ../../build/autonomous/autonomous.egg-info/entry_points.txt
[0.996s] writing requirements to ../../build/autonomous/autonomous.egg-info/requires.txt
[0.997s] writing top-level names to ../../build/autonomous/autonomous.egg-info/top_level.txt
[0.998s] reading manifest file '../../build/autonomous/autonomous.egg-info/SOURCES.txt'
[0.999s] writing manifest file '../../build/autonomous/autonomous.egg-info/SOURCES.txt'
[0.999s] running build
[1.000s] running build_py
[1.000s] copying autonomous/control.py -> /home/pranav/lol/build/autonomous/build/lib/autonomous
[1.000s] running install
[1.000s] running install_lib
[1.001s] copying /home/pranav/lol/build/autonomous/build/lib/autonomous/control.py -> /home/pranav/lol/install/autonomous/lib/python3.10/site-packages/autonomous
[1.002s] byte-compiling /home/pranav/lol/install/autonomous/lib/python3.10/site-packages/autonomous/control.py to control.cpython-310.pyc
[1.006s] running install_data
[1.006s] running install_egg_info
[1.007s] removing '/home/pranav/lol/install/autonomous/lib/python3.10/site-packages/autonomous-0.0.0-py3.10.egg-info' (and everything under it)
[1.008s] Copying ../../build/autonomous/autonomous.egg-info to /home/pranav/lol/install/autonomous/lib/python3.10/site-packages/autonomous-0.0.0-py3.10.egg-info
[1.009s] running install_scripts
[1.027s] Installing control script to /home/pranav/lol/install/autonomous/lib/autonomous
[1.027s] writing list of installed files to '/home/pranav/lol/build/autonomous/install.log'
[1.049s] Invoked command in '/home/pranav/lol/src/autonomous' returned '0': PYTHONPATH=/home/pranav/lol/build/autonomous/prefix_override:/usr/lib/python3/dist-packages/colcon_core/task/python/colcon_distutils_commands:/home/pranav/lol/install/autonomous/lib/python3.10/site-packages:${PYTHONPATH} /usr/bin/python3 -W ignore:setup.py install is deprecated setup.py egg_info --egg-base ../../build/autonomous build --build-base /home/pranav/lol/build/autonomous/build install --record /home/pranav/lol/build/autonomous/install.log --single-version-externally-managed install_data
