running develop
Removing /home/pranav/lol/install/autonomous/lib/python3.10/site-packages/autonomous.egg-link (link to .)
running egg_info
writing ../../build/autonomous/autonomous.egg-info/PKG-INFO
writing dependency_links to ../../build/autonomous/autonomous.egg-info/dependency_links.txt
writing entry points to ../../build/autonomous/autonomous.egg-info/entry_points.txt
writing requirements to ../../build/autonomous/autonomous.egg-info/requires.txt
writing top-level names to ../../build/autonomous/autonomous.egg-info/top_level.txt
reading manifest file '../../build/autonomous/autonomous.egg-info/SOURCES.txt'
writing manifest file '../../build/autonomous/autonomous.egg-info/SOURCES.txt'
running build
running build_py
copying autonomous/rrt.py -> /home/pranav/lol/build/autonomous/build/lib/autonomous
running install
running install_lib
creating /home/pranav/lol/install/autonomous/lib/python3.10/site-packages/autonomous
copying /home/pranav/lol/build/autonomous/build/lib/autonomous/rrt.py -> /home/pranav/lol/install/autonomous/lib/python3.10/site-packages/autonomous
copying /home/pranav/lol/build/autonomous/build/lib/autonomous/control.py -> /home/pranav/lol/install/autonomous/lib/python3.10/site-packages/autonomous
copying /home/pranav/lol/build/autonomous/build/lib/autonomous/D.py -> /home/pranav/lol/install/autonomous/lib/python3.10/site-packages/autonomous
copying /home/pranav/lol/build/autonomous/build/lib/autonomous/__init__.py -> /home/pranav/lol/install/autonomous/lib/python3.10/site-packages/autonomous
byte-compiling /home/pranav/lol/install/autonomous/lib/python3.10/site-packages/autonomous/rrt.py to rrt.cpython-310.pyc
Sorry: IndentationError: expected an indented block after function definition on line 240 (rrt.py, line 241)
byte-compiling /home/pranav/lol/install/autonomous/lib/python3.10/site-packages/autonomous/control.py to control.cpython-310.pyc
byte-compiling /home/pranav/lol/install/autonomous/lib/python3.10/site-packages/autonomous/D.py to D.cpython-310.pyc
byte-compiling /home/pranav/lol/install/autonomous/lib/python3.10/site-packages/autonomous/__init__.py to __init__.cpython-310.pyc
running install_data
copying resource/autonomous -> /home/pranav/lol/install/autonomous/share/ament_index/resource_index/packages
copying package.xml -> /home/pranav/lol/install/autonomous/share/autonomous
running install_egg_info
Copying ../../build/autonomous/autonomous.egg-info to /home/pranav/lol/install/autonomous/lib/python3.10/site-packages/autonomous-0.0.0-py3.10.egg-info
running install_scripts
Installing control script to /home/pranav/lol/install/autonomous/lib/autonomous
Installing d script to /home/pranav/lol/install/autonomous/lib/autonomous
Installing rrt script to /home/pranav/lol/install/autonomous/lib/autonomous
writing list of installed files to '/home/pranav/lol/build/autonomous/install.log'
