[0.953s] Invoking command in '/home/pranav/lol/src/autonomous': PYTHONPATH=/home/pranav/lol/build/autonomous/prefix_override:/usr/lib/python3/dist-packages/colcon_core/task/python/colcon_distutils_commands:/home/pranav/lol/install/autonomous/lib/python3.10/site-packages:${PYTHONPATH} /usr/bin/python3 -W ignore:setup.py install is deprecated setup.py egg_info --egg-base ../../build/autonomous build --build-base /home/pranav/lol/build/autonomous/build install --record /home/pranav/lol/build/autonomous/install.log --single-version-externally-managed install_data
[1.320s] running egg_info
[1.320s] writing ../../build/autonomous/autonomous.egg-info/PKG-INFO
[1.321s] writing dependency_links to ../../build/autonomous/autonomous.egg-info/dependency_links.txt
[1.321s] writing entry points to ../../build/autonomous/autonomous.egg-info/entry_points.txt
[1.321s] writing requirements to ../../build/autonomous/autonomous.egg-info/requires.txt
[1.322s] writing top-level names to ../../build/autonomous/autonomous.egg-info/top_level.txt
[1.324s] reading manifest file '../../build/autonomous/autonomous.egg-info/SOURCES.txt'
[1.325s] writing manifest file '../../build/autonomous/autonomous.egg-info/SOURCES.txt'
[1.326s] running build
[1.326s] running build_py
[1.326s] copying autonomous/rrt.py -> /home/pranav/lol/build/autonomous/build/lib/autonomous
[1.326s] running install
[1.327s] running install_lib
[1.328s] copying /home/pranav/lol/build/autonomous/build/lib/autonomous/rrt.py -> /home/pranav/lol/install/autonomous/lib/python3.10/site-packages/autonomous
[1.329s] byte-compiling /home/pranav/lol/install/autonomous/lib/python3.10/site-packages/autonomous/rrt.py to rrt.cpython-310.pyc
[1.334s] running install_data
[1.335s] running install_egg_info
[1.337s] removing '/home/pranav/lol/install/autonomous/lib/python3.10/site-packages/autonomous-0.0.0-py3.10.egg-info' (and everything under it)
[1.337s] Copying ../../build/autonomous/autonomous.egg-info to /home/pranav/lol/install/autonomous/lib/python3.10/site-packages/autonomous-0.0.0-py3.10.egg-info
[1.339s] running install_scripts
[1.360s] Installing control script to /home/pranav/lol/install/autonomous/lib/autonomous
[1.360s] Installing d script to /home/pranav/lol/install/autonomous/lib/autonomous
[1.363s] Installing rrt script to /home/pranav/lol/install/autonomous/lib/autonomous
[1.363s] writing list of installed files to '/home/pranav/lol/build/autonomous/install.log'
[1.397s] Invoked command in '/home/pranav/lol/src/autonomous' returned '0': PYTHONPATH=/home/pranav/lol/build/autonomous/prefix_override:/usr/lib/python3/dist-packages/colcon_core/task/python/colcon_distutils_commands:/home/pranav/lol/install/autonomous/lib/python3.10/site-packages:${PYTHONPATH} /usr/bin/python3 -W ignore:setup.py install is deprecated setup.py egg_info --egg-base ../../build/autonomous build --build-base /home/pranav/lol/build/autonomous/build install --record /home/pranav/lol/build/autonomous/install.log --single-version-externally-managed install_data
