/home/pranav/lol/install/autonomous/lib/python3.10/site-packages/autonomous/rrt.py
/home/pranav/lol/install/autonomous/lib/python3.10/site-packages/autonomous/control.py
/home/pranav/lol/install/autonomous/lib/python3.10/site-packages/autonomous/D.py
/home/pranav/lol/install/autonomous/lib/python3.10/site-packages/autonomous/__init__.py
/home/pranav/lol/install/autonomous/lib/python3.10/site-packages/autonomous/__pycache__/rrt.cpython-310.pyc
/home/pranav/lol/install/autonomous/lib/python3.10/site-packages/autonomous/__pycache__/control.cpython-310.pyc
/home/pranav/lol/install/autonomous/lib/python3.10/site-packages/autonomous/__pycache__/D.cpython-310.pyc
/home/pranav/lol/install/autonomous/lib/python3.10/site-packages/autonomous/__pycache__/__init__.cpython-310.pyc
/home/pranav/lol/install/autonomous/share/ament_index/resource_index/packages/autonomous
/home/pranav/lol/install/autonomous/share/autonomous/package.xml
/home/pranav/lol/install/autonomous/lib/python3.10/site-packages/autonomous-0.0.0-py3.10.egg-info/requires.txt
/home/pranav/lol/install/autonomous/lib/python3.10/site-packages/autonomous-0.0.0-py3.10.egg-info/dependency_links.txt
/home/pranav/lol/install/autonomous/lib/python3.10/site-packages/autonomous-0.0.0-py3.10.egg-info/zip-safe
/home/pranav/lol/install/autonomous/lib/python3.10/site-packages/autonomous-0.0.0-py3.10.egg-info/entry_points.txt
/home/pranav/lol/install/autonomous/lib/python3.10/site-packages/autonomous-0.0.0-py3.10.egg-info/top_level.txt
/home/pranav/lol/install/autonomous/lib/python3.10/site-packages/autonomous-0.0.0-py3.10.egg-info/SOURCES.txt
/home/pranav/lol/install/autonomous/lib/python3.10/site-packages/autonomous-0.0.0-py3.10.egg-info/PKG-INFO
/home/pranav/lol/install/autonomous/lib/autonomous/control
/home/pranav/lol/install/autonomous/lib/autonomous/d
/home/pranav/lol/install/autonomous/lib/autonomous/rrt
