[0.628s] Invoking command in '/home/pranav/lol/build/autonomous': PYTHONPATH=/home/pranav/lol/build/autonomous/prefix_override:/usr/lib/python3/dist-packages/colcon_core/task/python/colcon_distutils_commands:/home/pranav/lol/install/autonomous/lib/python3.10/site-packages:${PYTHONPATH} /usr/bin/python3 -W ignore:setup.py install is deprecated setup.py develop --editable --build-directory /home/pranav/lol/build/autonomous/build --no-deps symlink_data --force
[0.894s] running develop
[1.067s] running egg_info
[1.068s] writing autonomous.egg-info/PKG-INFO
[1.068s] writing dependency_links to autonomous.egg-info/dependency_links.txt
[1.068s] writing entry points to autonomous.egg-info/entry_points.txt
[1.069s] writing requirements to autonomous.egg-info/requires.txt
[1.069s] writing top-level names to autonomous.egg-info/top_level.txt
[1.071s] reading manifest file 'autonomous.egg-info/SOURCES.txt'
[1.071s] writing manifest file 'autonomous.egg-info/SOURCES.txt'
[1.073s] running build_ext
[1.073s] Creating /home/pranav/lol/install/autonomous/lib/python3.10/site-packages/autonomous.egg-link (link to .)
[1.074s] Installing control script to /home/pranav/lol/install/autonomous/lib/autonomous
[1.074s] Installing rrt script to /home/pranav/lol/install/autonomous/lib/autonomous
[1.075s] 
[1.075s] Installed /home/pranav/lol/build/autonomous
[1.075s] running symlink_data
[1.075s] symbolically linking /home/pranav/lol/build/autonomous/resource/autonomous -> /home/pranav/lol/install/autonomous/share/ament_index/resource_index/packages
[1.075s] symbolically linking /home/pranav/lol/build/autonomous/package.xml -> /home/pranav/lol/install/autonomous/share/autonomous
[1.104s] Invoked command in '/home/pranav/lol/build/autonomous' returned '0': PYTHONPATH=/home/pranav/lol/build/autonomous/prefix_override:/usr/lib/python3/dist-packages/colcon_core/task/python/colcon_distutils_commands:/home/pranav/lol/install/autonomous/lib/python3.10/site-packages:${PYTHONPATH} /usr/bin/python3 -W ignore:setup.py install is deprecated setup.py develop --editable --build-directory /home/pranav/lol/build/autonomous/build --no-deps symlink_data --force
