[1.565s] Invoking command in '/home/pranav/lol/src/autonomous': PYTHONPATH=/home/pranav/lol/build/autonomous/prefix_override:/usr/lib/python3/dist-packages/colcon_core/task/python/colcon_distutils_commands:/home/pranav/lol/install/autonomous/lib/python3.10/site-packages:${PYTHONPATH} /usr/bin/python3 -W ignore:setup.py install is deprecated setup.py egg_info --egg-base ../../build/autonomous build --build-base /home/pranav/lol/build/autonomous/build install --record /home/pranav/lol/build/autonomous/install.log --single-version-externally-managed install_data
[2.186s] running egg_info
[2.191s] writing ../../build/autonomous/autonomous.egg-info/PKG-INFO
[2.191s] writing dependency_links to ../../build/autonomous/autonomous.egg-info/dependency_links.txt
[2.191s] writing entry points to ../../build/autonomous/autonomous.egg-info/entry_points.txt
[2.191s] writing requirements to ../../build/autonomous/autonomous.egg-info/requires.txt
[2.191s] writing top-level names to ../../build/autonomous/autonomous.egg-info/top_level.txt
[2.194s] reading manifest file '../../build/autonomous/autonomous.egg-info/SOURCES.txt'
[2.195s] writing manifest file '../../build/autonomous/autonomous.egg-info/SOURCES.txt'
[2.198s] running build
[2.198s] running build_py
[2.198s] copying autonomous/rrt.py -> /home/pranav/lol/build/autonomous/build/lib/autonomous
[2.199s] running install
[2.199s] running install_lib
[2.199s] copying /home/pranav/lol/build/autonomous/build/lib/autonomous/rrt.py -> /home/pranav/lol/install/autonomous/lib/python3.10/site-packages/autonomous
[2.201s] byte-compiling /home/pranav/lol/install/autonomous/lib/python3.10/site-packages/autonomous/rrt.py to rrt.cpython-310.pyc
[2.207s] running install_data
[2.207s] running install_egg_info
[2.210s] removing '/home/pranav/lol/install/autonomous/lib/python3.10/site-packages/autonomous-0.0.0-py3.10.egg-info' (and everything under it)
[2.213s] Copying ../../build/autonomous/autonomous.egg-info to /home/pranav/lol/install/autonomous/lib/python3.10/site-packages/autonomous-0.0.0-py3.10.egg-info
[2.213s] running install_scripts
[2.254s] Installing control script to /home/pranav/lol/install/autonomous/lib/autonomous
[2.254s] Installing d script to /home/pranav/lol/install/autonomous/lib/autonomous
[2.255s] Installing rrt script to /home/pranav/lol/install/autonomous/lib/autonomous
[2.256s] writing list of installed files to '/home/pranav/lol/build/autonomous/install.log'
[2.310s] Invoked command in '/home/pranav/lol/src/autonomous' returned '0': PYTHONPATH=/home/pranav/lol/build/autonomous/prefix_override:/usr/lib/python3/dist-packages/colcon_core/task/python/colcon_distutils_commands:/home/pranav/lol/install/autonomous/lib/python3.10/site-packages:${PYTHONPATH} /usr/bin/python3 -W ignore:setup.py install is deprecated setup.py egg_info --egg-base ../../build/autonomous build --build-base /home/pranav/lol/build/autonomous/build install --record /home/pranav/lol/build/autonomous/install.log --single-version-externally-managed install_data
