[0.875s] Invoking command in '/home/pranav/lol/src/autonomous': PYTHONPATH=/home/pranav/lol/build/autonomous/prefix_override:/usr/lib/python3/dist-packages/colcon_core/task/python/colcon_distutils_commands:/home/pranav/lol/install/autonomous/lib/python3.10/site-packages:${PYTHONPATH} /usr/bin/python3 -W ignore:setup.py install is deprecated setup.py egg_info --egg-base ../../build/autonomous build --build-base /home/pranav/lol/build/autonomous/build install --record /home/pranav/lol/build/autonomous/install.log --single-version-externally-managed install_data
[1.135s] running egg_info
[1.136s] writing ../../build/autonomous/autonomous.egg-info/PKG-INFO
[1.200s] writing dependency_links to ../../build/autonomous/autonomous.egg-info/dependency_links.txt
[1.201s] writing entry points to ../../build/autonomous/autonomous.egg-info/entry_points.txt
[1.201s] writing requirements to ../../build/autonomous/autonomous.egg-info/requires.txt
[1.201s] writing top-level names to ../../build/autonomous/autonomous.egg-info/top_level.txt
[1.204s] reading manifest file '../../build/autonomous/autonomous.egg-info/SOURCES.txt'
[1.206s] writing manifest file '../../build/autonomous/autonomous.egg-info/SOURCES.txt'
[1.207s] running build
[1.207s] running build_py
[1.208s] copying autonomous/rrt.py -> /home/pranav/lol/build/autonomous/build/lib/autonomous
[1.209s] running install
[1.209s] running install_lib
[1.211s] copying /home/pranav/lol/build/autonomous/build/lib/autonomous/rrt.py -> /home/pranav/lol/install/autonomous/lib/python3.10/site-packages/autonomous
[1.212s] byte-compiling /home/pranav/lol/install/autonomous/lib/python3.10/site-packages/autonomous/rrt.py to rrt.cpython-310.pyc
[1.214s] running install_data
[1.215s] running install_egg_info
[1.217s] removing '/home/pranav/lol/install/autonomous/lib/python3.10/site-packages/autonomous-0.0.0-py3.10.egg-info' (and everything under it)
[1.218s] Copying ../../build/autonomous/autonomous.egg-info to /home/pranav/lol/install/autonomous/lib/python3.10/site-packages/autonomous-0.0.0-py3.10.egg-info
[1.220s] running install_scripts
[1.238s] Installing control script to /home/pranav/lol/install/autonomous/lib/autonomous
[1.239s] Installing rrt script to /home/pranav/lol/install/autonomous/lib/autonomous
[1.240s] writing list of installed files to '/home/pranav/lol/build/autonomous/install.log'
[1.267s] Invoked command in '/home/pranav/lol/src/autonomous' returned '0': PYTHONPATH=/home/pranav/lol/build/autonomous/prefix_override:/usr/lib/python3/dist-packages/colcon_core/task/python/colcon_distutils_commands:/home/pranav/lol/install/autonomous/lib/python3.10/site-packages:${PYTHONPATH} /usr/bin/python3 -W ignore:setup.py install is deprecated setup.py egg_info --egg-base ../../build/autonomous build --build-base /home/pranav/lol/build/autonomous/build install --record /home/pranav/lol/build/autonomous/install.log --single-version-externally-managed install_data
