[0.753s] Invoking command in '/home/pranav/lol/src/autonomous': PYTHONPATH=/home/pranav/lol/build/autonomous/prefix_override:/usr/lib/python3/dist-packages/colcon_core/task/python/colcon_distutils_commands:/home/pranav/lol/install/autonomous/lib/python3.10/site-packages:${PYTHONPATH} /usr/bin/python3 -W ignore:setup.py install is deprecated setup.py egg_info --egg-base ../../build/autonomous build --build-base /home/pranav/lol/build/autonomous/build install --record /home/pranav/lol/build/autonomous/install.log --single-version-externally-managed install_data
[1.033s] running egg_info
[1.034s] writing ../../build/autonomous/autonomous.egg-info/PKG-INFO
[1.034s] writing dependency_links to ../../build/autonomous/autonomous.egg-info/dependency_links.txt
[1.035s] writing entry points to ../../build/autonomous/autonomous.egg-info/entry_points.txt
[1.035s] writing requirements to ../../build/autonomous/autonomous.egg-info/requires.txt
[1.035s] writing top-level names to ../../build/autonomous/autonomous.egg-info/top_level.txt
[1.037s] reading manifest file '../../build/autonomous/autonomous.egg-info/SOURCES.txt'
[1.038s] writing manifest file '../../build/autonomous/autonomous.egg-info/SOURCES.txt'
[1.038s] running build
[1.039s] running build_py
[1.040s] running install
[1.040s] running install_lib
[1.041s] running install_data
[1.041s] copying package.xml -> /home/pranav/lol/install/autonomous/share/autonomous
[1.041s] running install_egg_info
[1.044s] removing '/home/pranav/lol/install/autonomous/lib/python3.10/site-packages/autonomous-0.0.0-py3.10.egg-info' (and everything under it)
[1.044s] Copying ../../build/autonomous/autonomous.egg-info to /home/pranav/lol/install/autonomous/lib/python3.10/site-packages/autonomous-0.0.0-py3.10.egg-info
[1.045s] running install_scripts
[1.066s] Installing control script to /home/pranav/lol/install/autonomous/lib/autonomous
[1.067s] writing list of installed files to '/home/pranav/lol/build/autonomous/install.log'
[1.095s] Invoked command in '/home/pranav/lol/src/autonomous' returned '0': PYTHONPATH=/home/pranav/lol/build/autonomous/prefix_override:/usr/lib/python3/dist-packages/colcon_core/task/python/colcon_distutils_commands:/home/pranav/lol/install/autonomous/lib/python3.10/site-packages:${PYTHONPATH} /usr/bin/python3 -W ignore:setup.py install is deprecated setup.py egg_info --egg-base ../../build/autonomous build --build-base /home/pranav/lol/build/autonomous/build install --record /home/pranav/lol/build/autonomous/install.log --single-version-externally-managed install_data
