[0.767s] Invoking command in '/home/pranav/lol/src/autonomous': PYTHONPATH=/home/pranav/lol/build/autonomous/prefix_override:/usr/lib/python3/dist-packages/colcon_core/task/python/colcon_distutils_commands:/home/pranav/lol/install/autonomous/lib/python3.10/site-packages:${PYTHONPATH} /usr/bin/python3 -W ignore:setup.py install is deprecated setup.py egg_info --egg-base ../../build/autonomous build --build-base /home/pranav/lol/build/autonomous/build install --record /home/pranav/lol/build/autonomous/install.log --single-version-externally-managed install_data
[1.048s] running egg_info
[1.049s] writing ../../build/autonomous/autonomous.egg-info/PKG-INFO
[1.049s] writing dependency_links to ../../build/autonomous/autonomous.egg-info/dependency_links.txt
[1.049s] writing entry points to ../../build/autonomous/autonomous.egg-info/entry_points.txt
[1.050s] writing requirements to ../../build/autonomous/autonomous.egg-info/requires.txt
[1.050s] writing top-level names to ../../build/autonomous/autonomous.egg-info/top_level.txt
[1.052s] reading manifest file '../../build/autonomous/autonomous.egg-info/SOURCES.txt'
[1.053s] writing manifest file '../../build/autonomous/autonomous.egg-info/SOURCES.txt'
[1.053s] running build
[1.054s] running build_py
[1.054s] copying autonomous/control.py -> /home/pranav/lol/build/autonomous/build/lib/autonomous
[1.054s] copying autonomous/__init__.py -> /home/pranav/lol/build/autonomous/build/lib/autonomous
[1.054s] running install
[1.055s] running install_lib
[1.055s] copying /home/pranav/lol/build/autonomous/build/lib/autonomous/control.py -> /home/pranav/lol/install/autonomous/lib/python3.10/site-packages/autonomous
[1.055s] copying /home/pranav/lol/build/autonomous/build/lib/autonomous/__init__.py -> /home/pranav/lol/install/autonomous/lib/python3.10/site-packages/autonomous
[1.056s] byte-compiling /home/pranav/lol/install/autonomous/lib/python3.10/site-packages/autonomous/control.py to control.cpython-310.pyc
[1.060s] byte-compiling /home/pranav/lol/install/autonomous/lib/python3.10/site-packages/autonomous/__init__.py to __init__.cpython-310.pyc
[1.061s] running install_data
[1.061s] error: can't copy 'resource/autonomous': doesn't exist or not a regular file
[1.083s] Invoked command in '/home/pranav/lol/src/autonomous' returned '1': PYTHONPATH=/home/pranav/lol/build/autonomous/prefix_override:/usr/lib/python3/dist-packages/colcon_core/task/python/colcon_distutils_commands:/home/pranav/lol/install/autonomous/lib/python3.10/site-packages:${PYTHONPATH} /usr/bin/python3 -W ignore:setup.py install is deprecated setup.py egg_info --egg-base ../../build/autonomous build --build-base /home/pranav/lol/build/autonomous/build install --record /home/pranav/lol/build/autonomous/install.log --single-version-externally-managed install_data
