[0.688s] Invoking command in '/home/pranav/lol/src/autonomous': PYTHONPATH=/home/pranav/lol/build/autonomous/prefix_override:/usr/lib/python3/dist-packages/colcon_core/task/python/colcon_distutils_commands:/home/pranav/lol/install/autonomous/lib/python3.10/site-packages:${PYTHONPATH} /usr/bin/python3 -W ignore:setup.py install is deprecated setup.py egg_info --egg-base ../../build/autonomous build --build-base /home/pranav/lol/build/autonomous/build install --record /home/pranav/lol/build/autonomous/install.log --single-version-externally-managed install_data
[0.927s] running egg_info
[0.928s] writing ../../build/autonomous/autonomous.egg-info/PKG-INFO
[0.928s] writing dependency_links to ../../build/autonomous/autonomous.egg-info/dependency_links.txt
[0.929s] writing entry points to ../../build/autonomous/autonomous.egg-info/entry_points.txt
[0.929s] writing requirements to ../../build/autonomous/autonomous.egg-info/requires.txt
[0.929s] writing top-level names to ../../build/autonomous/autonomous.egg-info/top_level.txt
[0.931s] reading manifest file '../../build/autonomous/autonomous.egg-info/SOURCES.txt'
[0.931s] writing manifest file '../../build/autonomous/autonomous.egg-info/SOURCES.txt'
[0.932s] running build
[0.932s] running build_py
[0.932s] copying autonomous/control.py -> /home/pranav/lol/build/autonomous/build/lib/autonomous
[0.932s] running install
[0.933s] running install_lib
[0.933s] copying /home/pranav/lol/build/autonomous/build/lib/autonomous/control.py -> /home/pranav/lol/install/autonomous/lib/python3.10/site-packages/autonomous
[0.934s] byte-compiling /home/pranav/lol/install/autonomous/lib/python3.10/site-packages/autonomous/control.py to control.cpython-310.pyc
[0.937s] running install_data
[0.937s] running install_egg_info
[0.939s] removing '/home/pranav/lol/install/autonomous/lib/python3.10/site-packages/autonomous-0.0.0-py3.10.egg-info' (and everything under it)
[0.939s] Copying ../../build/autonomous/autonomous.egg-info to /home/pranav/lol/install/autonomous/lib/python3.10/site-packages/autonomous-0.0.0-py3.10.egg-info
[0.941s] running install_scripts
[0.958s] Installing control script to /home/pranav/lol/install/autonomous/lib/autonomous
[0.959s] writing list of installed files to '/home/pranav/lol/build/autonomous/install.log'
[0.978s] Invoked command in '/home/pranav/lol/src/autonomous' returned '0': PYTHONPATH=/home/pranav/lol/build/autonomous/prefix_override:/usr/lib/python3/dist-packages/colcon_core/task/python/colcon_distutils_commands:/home/pranav/lol/install/autonomous/lib/python3.10/site-packages:${PYTHONPATH} /usr/bin/python3 -W ignore:setup.py install is deprecated setup.py egg_info --egg-base ../../build/autonomous build --build-base /home/pranav/lol/build/autonomous/build install --record /home/pranav/lol/build/autonomous/install.log --single-version-externally-managed install_data
