[0.423s] DEBUG:colcon:Command line arguments: ['/usr/bin/colcon', 'list', '-p', '--base-paths', '/home/pranav/lol']
[0.423s] DEBUG:colcon:Parsed command line arguments: Namespace(log_base=None, log_level=None, verb_name='list', build_base='build', ignore_user_meta=False, metas=['./colcon.meta'], base_paths=['/home/pranav/lol'], packages_ignore=None, packages_ignore_regex=None, paths=None, packages_up_to=None, packages_up_to_regex=None, packages_above=None, packages_above_and_dependencies=None, packages_above_depth=None, packages_select_by_dep=None, packages_skip_by_dep=None, packages_skip_up_to=None, packages_select_build_failed=False, packages_skip_build_finished=False, packages_select_test_failures=False, packages_skip_test_passed=False, packages_select=None, packages_skip=None, packages_select_regex=None, packages_skip_regex=None, packages_start=None, packages_end=None, allow_overriding=[], topological_order=False, names_only=False, paths_only=True, topological_graph=False, topological_graph_dot=False, topological_graph_density=False, topological_graph_legend=False, topological_graph_dot_cluster=False, topological_graph_dot_include_skipped=False, mixin_files=None, mixin=None, verb_parser=<colcon_mixin.mixin.mixin_argument.MixinArgumentDecorator object at 0x73114ad48040>, verb_extension=<colcon_package_information.verb.list.ListVerb object at 0x73114ad13100>, main=<bound method ListVerb.main of <colcon_package_information.verb.list.ListVerb object at 0x73114ad13100>>, mixin_verb=('list',))
[0.781s] Level 1:colcon.colcon_core.package_discovery:discover_packages(colcon_meta) check parameters
[0.781s] Level 1:colcon.colcon_core.package_discovery:discover_packages(recursive) check parameters
[0.781s] Level 1:colcon.colcon_core.package_discovery:discover_packages(ignore) check parameters
[0.782s] Level 1:colcon.colcon_core.package_discovery:discover_packages(path) check parameters
[0.782s] Level 1:colcon.colcon_core.package_discovery:discover_packages(recursive) discover
[0.782s] INFO:colcon.colcon_core.package_discovery:Crawling recursively for packages in '/home/pranav/lol'
[0.782s] Level 1:colcon.colcon_core.package_identification:_identify(/home/pranav/lol) by extensions ['ignore', 'ignore_ament_install']
[0.782s] Level 1:colcon.colcon_core.package_identification:_identify(/home/pranav/lol) by extension 'ignore'
[0.782s] Level 1:colcon.colcon_core.package_identification:_identify(/home/pranav/lol) by extension 'ignore_ament_install'
[0.782s] Level 1:colcon.colcon_core.package_identification:_identify(/home/pranav/lol) by extensions ['colcon_pkg']
[0.782s] Level 1:colcon.colcon_core.package_identification:_identify(/home/pranav/lol) by extension 'colcon_pkg'
[0.782s] Level 1:colcon.colcon_core.package_identification:_identify(/home/pranav/lol) by extensions ['colcon_meta']
[0.782s] Level 1:colcon.colcon_core.package_identification:_identify(/home/pranav/lol) by extension 'colcon_meta'
[0.782s] Level 1:colcon.colcon_core.package_identification:_identify(/home/pranav/lol) by extensions ['ros']
[0.782s] Level 1:colcon.colcon_core.package_identification:_identify(/home/pranav/lol) by extension 'ros'
[0.797s] Level 1:colcon.colcon_core.package_identification:_identify(/home/pranav/lol) by extensions ['cmake', 'python']
[0.797s] Level 1:colcon.colcon_core.package_identification:_identify(/home/pranav/lol) by extension 'cmake'
[0.797s] Level 1:colcon.colcon_core.package_identification:_identify(/home/pranav/lol) by extension 'python'
[0.797s] Level 1:colcon.colcon_core.package_identification:_identify(/home/pranav/lol) by extensions ['python_setup_py']
[0.797s] Level 1:colcon.colcon_core.package_identification:_identify(/home/pranav/lol) by extension 'python_setup_py'
[0.798s] Level 1:colcon.colcon_core.package_identification:_identify(/home/pranav/lol/build) by extensions ['ignore', 'ignore_ament_install']
[0.798s] Level 1:colcon.colcon_core.package_identification:_identify(/home/pranav/lol/build) by extension 'ignore'
[0.798s] Level 1:colcon.colcon_core.package_identification:_identify(/home/pranav/lol/build) ignored
[0.798s] Level 1:colcon.colcon_core.package_identification:_identify(/home/pranav/lol/install) by extensions ['ignore', 'ignore_ament_install']
[0.798s] Level 1:colcon.colcon_core.package_identification:_identify(/home/pranav/lol/install) by extension 'ignore'
[0.798s] Level 1:colcon.colcon_core.package_identification:_identify(/home/pranav/lol/install) ignored
[0.798s] Level 1:colcon.colcon_core.package_identification:_identify(/home/pranav/lol/log) by extensions ['ignore', 'ignore_ament_install']
[0.799s] Level 1:colcon.colcon_core.package_identification:_identify(/home/pranav/lol/log) by extension 'ignore'
[0.799s] Level 1:colcon.colcon_core.package_identification:_identify(/home/pranav/lol/log) ignored
[0.799s] Level 1:colcon.colcon_core.package_identification:_identify(/home/pranav/lol/src) by extensions ['ignore', 'ignore_ament_install']
[0.799s] Level 1:colcon.colcon_core.package_identification:_identify(/home/pranav/lol/src) by extension 'ignore'
[0.799s] Level 1:colcon.colcon_core.package_identification:_identify(/home/pranav/lol/src) by extension 'ignore_ament_install'
[0.799s] Level 1:colcon.colcon_core.package_identification:_identify(/home/pranav/lol/src) by extensions ['colcon_pkg']
[0.799s] Level 1:colcon.colcon_core.package_identification:_identify(/home/pranav/lol/src) by extension 'colcon_pkg'
[0.799s] Level 1:colcon.colcon_core.package_identification:_identify(/home/pranav/lol/src) by extensions ['colcon_meta']
[0.799s] Level 1:colcon.colcon_core.package_identification:_identify(/home/pranav/lol/src) by extension 'colcon_meta'
[0.799s] Level 1:colcon.colcon_core.package_identification:_identify(/home/pranav/lol/src) by extensions ['ros']
[0.799s] Level 1:colcon.colcon_core.package_identification:_identify(/home/pranav/lol/src) by extension 'ros'
[0.799s] Level 1:colcon.colcon_core.package_identification:_identify(/home/pranav/lol/src) by extensions ['cmake', 'python']
[0.799s] Level 1:colcon.colcon_core.package_identification:_identify(/home/pranav/lol/src) by extension 'cmake'
[0.799s] Level 1:colcon.colcon_core.package_identification:_identify(/home/pranav/lol/src) by extension 'python'
[0.800s] Level 1:colcon.colcon_core.package_identification:_identify(/home/pranav/lol/src) by extensions ['python_setup_py']
[0.800s] Level 1:colcon.colcon_core.package_identification:_identify(/home/pranav/lol/src) by extension 'python_setup_py'
[0.800s] Level 1:colcon.colcon_core.package_identification:_identify(/home/pranav/lol/src/autonomous) by extensions ['ignore', 'ignore_ament_install']
[0.800s] Level 1:colcon.colcon_core.package_identification:_identify(/home/pranav/lol/src/autonomous) by extension 'ignore'
[0.800s] Level 1:colcon.colcon_core.package_identification:_identify(/home/pranav/lol/src/autonomous) by extension 'ignore_ament_install'
[0.800s] Level 1:colcon.colcon_core.package_identification:_identify(/home/pranav/lol/src/autonomous) by extensions ['colcon_pkg']
[0.800s] Level 1:colcon.colcon_core.package_identification:_identify(/home/pranav/lol/src/autonomous) by extension 'colcon_pkg'
[0.800s] Level 1:colcon.colcon_core.package_identification:_identify(/home/pranav/lol/src/autonomous) by extensions ['colcon_meta']
[0.800s] Level 1:colcon.colcon_core.package_identification:_identify(/home/pranav/lol/src/autonomous) by extension 'colcon_meta'
[0.800s] Level 1:colcon.colcon_core.package_identification:_identify(/home/pranav/lol/src/autonomous) by extensions ['ros']
[0.800s] Level 1:colcon.colcon_core.package_identification:_identify(/home/pranav/lol/src/autonomous) by extension 'ros'
[0.804s] DEBUG:colcon.colcon_core.package_identification:Package '/home/pranav/lol/src/autonomous' with type 'ros.ament_python' and name 'autonomous'
[0.804s] Level 1:colcon.colcon_core.package_discovery:discover_packages(recursive) using defaults
