running egg_info
creating ../../build/autonomous/autonomous.egg-info
writing ../../build/autonomous/autonomous.egg-info/PKG-INFO
writing dependency_links to ../../build/autonomous/autonomous.egg-info/dependency_links.txt
writing entry points to ../../build/autonomous/autonomous.egg-info/entry_points.txt
writing requirements to ../../build/autonomous/autonomous.egg-info/requires.txt
writing top-level names to ../../build/autonomous/autonomous.egg-info/top_level.txt
writing manifest file '../../build/autonomous/autonomous.egg-info/SOURCES.txt'
reading manifest file '../../build/autonomous/autonomous.egg-info/SOURCES.txt'
writing manifest file '../../build/autonomous/autonomous.egg-info/SOURCES.txt'
running build
running build_py
creating /home/pranav/lol/build/autonomous/build
creating /home/pranav/lol/build/autonomous/build/lib
creating /home/pranav/lol/build/autonomous/build/lib/autonomous
copying autonomous/__init__.py -> /home/pranav/lol/build/autonomous/build/lib/autonomous
running install
running install_lib
creating /home/pranav/lol/install/autonomous/lib/python3.10/site-packages/autonomous
copying /home/pranav/lol/build/autonomous/build/lib/autonomous/__init__.py -> /home/pranav/lol/install/autonomous/lib/python3.10/site-packages/autonomous
byte-compiling /home/pranav/lol/install/autonomous/lib/python3.10/site-packages/autonomous/__init__.py to __init__.cpython-310.pyc
running install_data
creating /home/pranav/lol/install/autonomous/share/ament_index
creating /home/pranav/lol/install/autonomous/share/ament_index/resource_index
creating /home/pranav/lol/install/autonomous/share/ament_index/resource_index/packages
copying resource/autonomous -> /home/pranav/lol/install/autonomous/share/ament_index/resource_index/packages
copying package.xml -> /home/pranav/lol/install/autonomous/share/autonomous
running install_egg_info
Copying ../../build/autonomous/autonomous.egg-info to /home/pranav/lol/install/autonomous/lib/python3.10/site-packages/autonomous-0.0.0-py3.10.egg-info
running install_scripts
writing list of installed files to '/home/pranav/lol/build/autonomous/install.log'
