[0.752s] Invoking command in '/home/pranav/lol/src/autonomous': PYTHONPATH=/home/pranav/lol/build/autonomous/prefix_override:/usr/lib/python3/dist-packages/colcon_core/task/python/colcon_distutils_commands:/home/pranav/lol/install/autonomous/lib/python3.10/site-packages:${PYTHONPATH} /usr/bin/python3 -W ignore:setup.py install is deprecated setup.py egg_info --egg-base ../../build/autonomous build --build-base /home/pranav/lol/build/autonomous/build install --record /home/pranav/lol/build/autonomous/install.log --single-version-externally-managed install_data
[1.032s] running egg_info
[1.032s] creating ../../build/autonomous/autonomous.egg-info
[1.033s] writing ../../build/autonomous/autonomous.egg-info/PKG-INFO
[1.033s] writing dependency_links to ../../build/autonomous/autonomous.egg-info/dependency_links.txt
[1.033s] writing entry points to ../../build/autonomous/autonomous.egg-info/entry_points.txt
[1.033s] writing requirements to ../../build/autonomous/autonomous.egg-info/requires.txt
[1.033s] writing top-level names to ../../build/autonomous/autonomous.egg-info/top_level.txt
[1.034s] writing manifest file '../../build/autonomous/autonomous.egg-info/SOURCES.txt'
[1.035s] reading manifest file '../../build/autonomous/autonomous.egg-info/SOURCES.txt'
[1.036s] writing manifest file '../../build/autonomous/autonomous.egg-info/SOURCES.txt'
[1.036s] running build
[1.037s] running build_py
[1.037s] creating /home/pranav/lol/build/autonomous/build
[1.037s] creating /home/pranav/lol/build/autonomous/build/lib
[1.037s] creating /home/pranav/lol/build/autonomous/build/lib/autonomous
[1.037s] copying autonomous/__init__.py -> /home/pranav/lol/build/autonomous/build/lib/autonomous
[1.037s] running install
[1.038s] running install_lib
[1.038s] creating /home/pranav/lol/install/autonomous/lib/python3.10/site-packages/autonomous
[1.038s] copying /home/pranav/lol/build/autonomous/build/lib/autonomous/__init__.py -> /home/pranav/lol/install/autonomous/lib/python3.10/site-packages/autonomous
[1.039s] byte-compiling /home/pranav/lol/install/autonomous/lib/python3.10/site-packages/autonomous/__init__.py to __init__.cpython-310.pyc
[1.039s] running install_data
[1.039s] creating /home/pranav/lol/install/autonomous/share/ament_index
[1.039s] creating /home/pranav/lol/install/autonomous/share/ament_index/resource_index
[1.040s] creating /home/pranav/lol/install/autonomous/share/ament_index/resource_index/packages
[1.040s] copying resource/autonomous -> /home/pranav/lol/install/autonomous/share/ament_index/resource_index/packages
[1.040s] copying package.xml -> /home/pranav/lol/install/autonomous/share/autonomous
[1.040s] running install_egg_info
[1.041s] Copying ../../build/autonomous/autonomous.egg-info to /home/pranav/lol/install/autonomous/lib/python3.10/site-packages/autonomous-0.0.0-py3.10.egg-info
[1.043s] running install_scripts
[1.064s] writing list of installed files to '/home/pranav/lol/build/autonomous/install.log'
[1.096s] Invoked command in '/home/pranav/lol/src/autonomous' returned '0': PYTHONPATH=/home/pranav/lol/build/autonomous/prefix_override:/usr/lib/python3/dist-packages/colcon_core/task/python/colcon_distutils_commands:/home/pranav/lol/install/autonomous/lib/python3.10/site-packages:${PYTHONPATH} /usr/bin/python3 -W ignore:setup.py install is deprecated setup.py egg_info --egg-base ../../build/autonomous build --build-base /home/pranav/lol/build/autonomous/build install --record /home/pranav/lol/build/autonomous/install.log --single-version-externally-managed install_data
