[0.435s] DEBUG:colcon:Command line arguments: ['/usr/bin/colcon', 'list', '-p', '--base-paths', '/home/pranav/lol/src/autonomous/autonomous']
[0.435s] DEBUG:colcon:Parsed command line arguments: Namespace(log_base=None, log_level=None, verb_name='list', build_base='build', ignore_user_meta=False, metas=['./colcon.meta'], base_paths=['/home/pranav/lol/src/autonomous/autonomous'], packages_ignore=None, packages_ignore_regex=None, paths=None, packages_up_to=None, packages_up_to_regex=None, packages_above=None, packages_above_and_dependencies=None, packages_above_depth=None, packages_select_by_dep=None, packages_skip_by_dep=None, packages_skip_up_to=None, packages_select_build_failed=False, packages_skip_build_finished=False, packages_select_test_failures=False, packages_skip_test_passed=False, packages_select=None, packages_skip=None, packages_select_regex=None, packages_skip_regex=None, packages_start=None, packages_end=None, allow_overriding=[], topological_order=False, names_only=False, paths_only=True, topological_graph=False, topological_graph_dot=False, topological_graph_density=False, topological_graph_legend=False, topological_graph_dot_cluster=False, topological_graph_dot_include_skipped=False, mixin_files=None, mixin=None, verb_parser=<colcon_mixin.mixin.mixin_argument.MixinArgumentDecorator object at 0x77246f49f8b0>, verb_extension=<colcon_package_information.verb.list.ListVerb object at 0x77246f49e950>, main=<bound method ListVerb.main of <colcon_package_information.verb.list.ListVerb object at 0x77246f49e950>>, mixin_verb=('list',))
[1.054s] Level 1:colcon.colcon_core.package_discovery:discover_packages(colcon_meta) check parameters
[1.054s] Level 1:colcon.colcon_core.package_discovery:discover_packages(recursive) check parameters
[1.054s] Level 1:colcon.colcon_core.package_discovery:discover_packages(ignore) check parameters
[1.054s] Level 1:colcon.colcon_core.package_discovery:discover_packages(path) check parameters
[1.054s] Level 1:colcon.colcon_core.package_discovery:discover_packages(recursive) discover
[1.054s] INFO:colcon.colcon_core.package_discovery:Crawling recursively for packages in '/home/pranav/lol/src/autonomous/autonomous'
[1.055s] Level 1:colcon.colcon_core.package_identification:_identify(/home/pranav/lol/src/autonomous/autonomous) by extensions ['ignore', 'ignore_ament_install']
[1.055s] Level 1:colcon.colcon_core.package_identification:_identify(/home/pranav/lol/src/autonomous/autonomous) by extension 'ignore'
[1.055s] Level 1:colcon.colcon_core.package_identification:_identify(/home/pranav/lol/src/autonomous/autonomous) by extension 'ignore_ament_install'
[1.055s] Level 1:colcon.colcon_core.package_identification:_identify(/home/pranav/lol/src/autonomous/autonomous) by extensions ['colcon_pkg']
[1.056s] Level 1:colcon.colcon_core.package_identification:_identify(/home/pranav/lol/src/autonomous/autonomous) by extension 'colcon_pkg'
[1.056s] Level 1:colcon.colcon_core.package_identification:_identify(/home/pranav/lol/src/autonomous/autonomous) by extensions ['colcon_meta']
[1.056s] Level 1:colcon.colcon_core.package_identification:_identify(/home/pranav/lol/src/autonomous/autonomous) by extension 'colcon_meta'
[1.056s] Level 1:colcon.colcon_core.package_identification:_identify(/home/pranav/lol/src/autonomous/autonomous) by extensions ['ros']
[1.056s] Level 1:colcon.colcon_core.package_identification:_identify(/home/pranav/lol/src/autonomous/autonomous) by extension 'ros'
[1.083s] Level 1:colcon.colcon_core.package_identification:_identify(/home/pranav/lol/src/autonomous/autonomous) by extensions ['cmake', 'python']
[1.084s] Level 1:colcon.colcon_core.package_identification:_identify(/home/pranav/lol/src/autonomous/autonomous) by extension 'cmake'
[1.084s] Level 1:colcon.colcon_core.package_identification:_identify(/home/pranav/lol/src/autonomous/autonomous) by extension 'python'
[1.084s] Level 1:colcon.colcon_core.package_identification:_identify(/home/pranav/lol/src/autonomous/autonomous) by extensions ['python_setup_py']
[1.084s] Level 1:colcon.colcon_core.package_identification:_identify(/home/pranav/lol/src/autonomous/autonomous) by extension 'python_setup_py'
[1.084s] Level 1:colcon.colcon_core.package_identification:_identify(/home/pranav/lol/src/autonomous/autonomous/__pycache__) by extensions ['ignore', 'ignore_ament_install']
[1.085s] Level 1:colcon.colcon_core.package_identification:_identify(/home/pranav/lol/src/autonomous/autonomous/__pycache__) by extension 'ignore'
[1.085s] Level 1:colcon.colcon_core.package_identification:_identify(/home/pranav/lol/src/autonomous/autonomous/__pycache__) by extension 'ignore_ament_install'
[1.085s] Level 1:colcon.colcon_core.package_identification:_identify(/home/pranav/lol/src/autonomous/autonomous/__pycache__) by extensions ['colcon_pkg']
[1.085s] Level 1:colcon.colcon_core.package_identification:_identify(/home/pranav/lol/src/autonomous/autonomous/__pycache__) by extension 'colcon_pkg'
[1.085s] Level 1:colcon.colcon_core.package_identification:_identify(/home/pranav/lol/src/autonomous/autonomous/__pycache__) by extensions ['colcon_meta']
[1.086s] Level 1:colcon.colcon_core.package_identification:_identify(/home/pranav/lol/src/autonomous/autonomous/__pycache__) by extension 'colcon_meta'
[1.086s] Level 1:colcon.colcon_core.package_identification:_identify(/home/pranav/lol/src/autonomous/autonomous/__pycache__) by extensions ['ros']
[1.086s] Level 1:colcon.colcon_core.package_identification:_identify(/home/pranav/lol/src/autonomous/autonomous/__pycache__) by extension 'ros'
[1.086s] Level 1:colcon.colcon_core.package_identification:_identify(/home/pranav/lol/src/autonomous/autonomous/__pycache__) by extensions ['cmake', 'python']
[1.086s] Level 1:colcon.colcon_core.package_identification:_identify(/home/pranav/lol/src/autonomous/autonomous/__pycache__) by extension 'cmake'
[1.086s] Level 1:colcon.colcon_core.package_identification:_identify(/home/pranav/lol/src/autonomous/autonomous/__pycache__) by extension 'python'
[1.086s] Level 1:colcon.colcon_core.package_identification:_identify(/home/pranav/lol/src/autonomous/autonomous/__pycache__) by extensions ['python_setup_py']
[1.087s] Level 1:colcon.colcon_core.package_identification:_identify(/home/pranav/lol/src/autonomous/autonomous/__pycache__) by extension 'python_setup_py'
[1.087s] Level 1:colcon.colcon_core.package_identification:_identify(/home/pranav/lol/src/autonomous/autonomous/log) by extensions ['ignore', 'ignore_ament_install']
[1.087s] Level 1:colcon.colcon_core.package_identification:_identify(/home/pranav/lol/src/autonomous/autonomous/log) by extension 'ignore'
[1.087s] Level 1:colcon.colcon_core.package_identification:_identify(/home/pranav/lol/src/autonomous/autonomous/log) ignored
[1.087s] Level 1:colcon.colcon_core.package_discovery:discover_packages(recursive) using defaults
