[0.816s] Invoking command in '/home/pranav/lol/build/autonomous': PYTHONPATH=/home/pranav/lol/build/autonomous/prefix_override:/usr/lib/python3/dist-packages/colcon_core/task/python/colcon_distutils_commands:/home/pranav/lol/install/autonomous/lib/python3.10/site-packages:${PYTHONPATH} /usr/bin/python3 -W ignore:setup.py install is deprecated setup.py develop --uninstall --editable --build-directory /home/pranav/lol/build/autonomous/build
[1.147s] running develop
[1.354s] Removing /home/pranav/lol/install/autonomous/lib/python3.10/site-packages/autonomous.egg-link (link to .)
[1.393s] Invoked command in '/home/pranav/lol/build/autonomous' returned '0': PYTHONPATH=/home/pranav/lol/build/autonomous/prefix_override:/usr/lib/python3/dist-packages/colcon_core/task/python/colcon_distutils_commands:/home/pranav/lol/install/autonomous/lib/python3.10/site-packages:${PYTHONPATH} /usr/bin/python3 -W ignore:setup.py install is deprecated setup.py develop --uninstall --editable --build-directory /home/pranav/lol/build/autonomous/build
[1.395s] Invoking command in '/home/pranav/lol/src/autonomous': PYTHONPATH=/home/pranav/lol/build/autonomous/prefix_override:/usr/lib/python3/dist-packages/colcon_core/task/python/colcon_distutils_commands:/home/pranav/lol/install/autonomous/lib/python3.10/site-packages:${PYTHONPATH} /usr/bin/python3 -W ignore:setup.py install is deprecated setup.py egg_info --egg-base ../../build/autonomous build --build-base /home/pranav/lol/build/autonomous/build install --record /home/pranav/lol/build/autonomous/install.log --single-version-externally-managed install_data --force
[1.698s] running egg_info
[1.698s] writing ../../build/autonomous/autonomous.egg-info/PKG-INFO
[1.699s] writing dependency_links to ../../build/autonomous/autonomous.egg-info/dependency_links.txt
[1.699s] writing entry points to ../../build/autonomous/autonomous.egg-info/entry_points.txt
[1.700s] writing requirements to ../../build/autonomous/autonomous.egg-info/requires.txt
[1.700s] writing top-level names to ../../build/autonomous/autonomous.egg-info/top_level.txt
[1.702s] reading manifest file '../../build/autonomous/autonomous.egg-info/SOURCES.txt'
[1.703s] writing manifest file '../../build/autonomous/autonomous.egg-info/SOURCES.txt'
[1.703s] running build
[1.704s] running build_py
[1.704s] copying autonomous/rrt.py -> /home/pranav/lol/build/autonomous/build/lib/autonomous
[1.704s] copying autonomous/control.py -> /home/pranav/lol/build/autonomous/build/lib/autonomous
[1.704s] running install
[1.705s] running install_lib
[1.705s] creating /home/pranav/lol/install/autonomous/lib/python3.10/site-packages/autonomous
[1.706s] copying /home/pranav/lol/build/autonomous/build/lib/autonomous/rrt.py -> /home/pranav/lol/install/autonomous/lib/python3.10/site-packages/autonomous
[1.706s] copying /home/pranav/lol/build/autonomous/build/lib/autonomous/control.py -> /home/pranav/lol/install/autonomous/lib/python3.10/site-packages/autonomous
[1.706s] copying /home/pranav/lol/build/autonomous/build/lib/autonomous/__init__.py -> /home/pranav/lol/install/autonomous/lib/python3.10/site-packages/autonomous
[1.707s] byte-compiling /home/pranav/lol/install/autonomous/lib/python3.10/site-packages/autonomous/rrt.py to rrt.cpython-310.pyc
[1.709s] byte-compiling /home/pranav/lol/install/autonomous/lib/python3.10/site-packages/autonomous/control.py to control.cpython-310.pyc
[1.712s] byte-compiling /home/pranav/lol/install/autonomous/lib/python3.10/site-packages/autonomous/__init__.py to __init__.cpython-310.pyc
[1.712s] running install_data
[1.712s] copying resource/autonomous -> /home/pranav/lol/install/autonomous/share/ament_index/resource_index/packages
[1.712s] copying package.xml -> /home/pranav/lol/install/autonomous/share/autonomous
[1.713s] running install_egg_info
[1.714s] Copying ../../build/autonomous/autonomous.egg-info to /home/pranav/lol/install/autonomous/lib/python3.10/site-packages/autonomous-0.0.0-py3.10.egg-info
[1.715s] running install_scripts
[1.739s] Installing control script to /home/pranav/lol/install/autonomous/lib/autonomous
[1.739s] Installing rrt script to /home/pranav/lol/install/autonomous/lib/autonomous
[1.740s] writing list of installed files to '/home/pranav/lol/build/autonomous/install.log'
[1.778s] Invoked command in '/home/pranav/lol/src/autonomous' returned '0': PYTHONPATH=/home/pranav/lol/build/autonomous/prefix_override:/usr/lib/python3/dist-packages/colcon_core/task/python/colcon_distutils_commands:/home/pranav/lol/install/autonomous/lib/python3.10/site-packages:${PYTHONPATH} /usr/bin/python3 -W ignore:setup.py install is deprecated setup.py egg_info --egg-base ../../build/autonomous build --build-base /home/pranav/lol/build/autonomous/build install --record /home/pranav/lol/build/autonomous/install.log --single-version-externally-managed install_data --force
