[0.783s] Invoking command in '/home/pranav/lol/src/autonomous': PYTHONPATH=/home/pranav/lol/build/autonomous/prefix_override:/usr/lib/python3/dist-packages/colcon_core/task/python/colcon_distutils_commands:/home/pranav/lol/install/autonomous/lib/python3.10/site-packages:${PYTHONPATH} /usr/bin/python3 -W ignore:setup.py install is deprecated setup.py egg_info --egg-base ../../build/autonomous build --build-base /home/pranav/lol/build/autonomous/build install --record /home/pranav/lol/build/autonomous/install.log --single-version-externally-managed install_data
[1.074s] running egg_info
[1.074s] writing ../../build/autonomous/autonomous.egg-info/PKG-INFO
[1.138s] writing dependency_links to ../../build/autonomous/autonomous.egg-info/dependency_links.txt
[1.138s] writing entry points to ../../build/autonomous/autonomous.egg-info/entry_points.txt
[1.139s] writing requirements to ../../build/autonomous/autonomous.egg-info/requires.txt
[1.139s] writing top-level names to ../../build/autonomous/autonomous.egg-info/top_level.txt
[1.142s] reading manifest file '../../build/autonomous/autonomous.egg-info/SOURCES.txt'
[1.144s] writing manifest file '../../build/autonomous/autonomous.egg-info/SOURCES.txt'
[1.144s] running build
[1.144s] running build_py
[1.146s] running install
[1.146s] running install_lib
[1.149s] running install_data
[1.149s] running install_egg_info
[1.151s] removing '/home/pranav/lol/install/autonomous/lib/python3.10/site-packages/autonomous-0.0.0-py3.10.egg-info' (and everything under it)
[1.151s] Copying ../../build/autonomous/autonomous.egg-info to /home/pranav/lol/install/autonomous/lib/python3.10/site-packages/autonomous-0.0.0-py3.10.egg-info
[1.154s] running install_scripts
[1.174s] Installing control script to /home/pranav/lol/install/autonomous/lib/autonomous
[1.176s] writing list of installed files to '/home/pranav/lol/build/autonomous/install.log'
[1.200s] Invoked command in '/home/pranav/lol/src/autonomous' returned '0': PYTHONPATH=/home/pranav/lol/build/autonomous/prefix_override:/usr/lib/python3/dist-packages/colcon_core/task/python/colcon_distutils_commands:/home/pranav/lol/install/autonomous/lib/python3.10/site-packages:${PYTHONPATH} /usr/bin/python3 -W ignore:setup.py install is deprecated setup.py egg_info --egg-base ../../build/autonomous build --build-base /home/pranav/lol/build/autonomous/build install --record /home/pranav/lol/build/autonomous/install.log --single-version-externally-managed install_data
